--2019-10-25 14:52:48.813 - INFO 5636 --- [restartedMain] g.n.nci.cadsr.cscsidump.CsCsiXmlService  :  Starting CsCsiXmlService on NCI-01966487-ML with PID 5636 (/Users/asafievan/projects/cadsr-tools/cscsi-xml-dwnld/target/classes started by asafievan in /Users/asafievan/projects/cadsr-tools/cscsi-xml-dwnld)
---2019-10-25 14:52:48.815 -DEBUG 5636 --- [restartedMain] g.n.nci.cadsr.cscsidump.CsCsiXmlService  :  Running with Spring Boot v2.2.0.RELEASE, Spring v5.2.0.RELEASE
---2019-10-25 14:52:48.816 - INFO 5636 --- [restartedMain] g.n.nci.cadsr.cscsidump.CsCsiXmlService  :  No active profile set, falling back to default profiles: default
---2019-10-25 14:52:48.889 - INFO 5636 --- [restartedMain] .e.DevToolsPropertyDefaultsPostProcessor :  Devtools property defaults active! Set 'spring.devtools.add-properties' to 'false' to disable
---2019-10-25 14:52:48.889 - INFO 5636 --- [restartedMain] .e.DevToolsPropertyDefaultsPostProcessor :  For additional web related logging consider setting the 'logging.level.web' property to 'DEBUG'
---2019-10-25 14:52:49.670 - WARN 5636 --- [restartedMain] s.c.a.AnnotationConfigApplicationContext :  Exception encountered during context initialization - cancelling refresh attempt: org.springframework.beans.factory.UnsatisfiedDependencyException: Error creating bean with name 'csCsiXmlService': Unsatisfied dependency expressed through field 'dataSource'; nested exception is org.springframework.beans.factory.BeanCreationException: Error creating bean with name 'dataSource' defined in class path resource [org/springframework/boot/autoconfigure/jdbc/DataSourceConfiguration$Tomcat.class]: Bean instantiation via factory method failed; nested exception is org.springframework.beans.BeanInstantiationException: Failed to instantiate [org.apache.tomcat.jdbc.pool.DataSource]: Factory method 'dataSource' threw exception; nested exception is java.lang.IllegalStateException: Cannot load driver class: ${db_driver}
---2019-10-25 14:52:49.681 - INFO 5636 --- [restartedMain] ConditionEvaluationReportLoggingListener :  

Error starting ApplicationContext. To display the conditions report re-run your application with 'debug' enabled.
---2019-10-25 14:52:49.684 -ERROR 5636 --- [restartedMain] o.s.boot.SpringApplication               :  Application run failed
-
org.springframework.beans.factory.UnsatisfiedDependencyException: Error creating bean with name 'csCsiXmlService': Unsatisfied dependency expressed through field 'dataSource'; nested exception is org.springframework.beans.factory.BeanCreationException: Error creating bean with name 'dataSource' defined in class path resource [org/springframework/boot/autoconfigure/jdbc/DataSourceConfiguration$Tomcat.class]: Bean instantiation via factory method failed; nested exception is org.springframework.beans.BeanInstantiationException: Failed to instantiate [org.apache.tomcat.jdbc.pool.DataSource]: Factory method 'dataSource' threw exception; nested exception is java.lang.IllegalStateException: Cannot load driver class: ${db_driver}
	at org.springframework.beans.factory.annotation.AutowiredAnnotationBeanPostProcessor$AutowiredFieldElement.inject(AutowiredAnnotationBeanPostProcessor.java:639)
	at org.springframework.beans.factory.annotation.InjectionMetadata.inject(InjectionMetadata.java:116)
	at org.springframework.beans.factory.annotation.AutowiredAnnotationBeanPostProcessor.postProcessProperties(AutowiredAnnotationBeanPostProcessor.java:397)
	at org.springframework.beans.factory.support.AbstractAutowireCapableBeanFactory.populateBean(AbstractAutowireCapableBeanFactory.java:1429)
	at org.springframework.beans.factory.support.AbstractAutowireCapableBeanFactory.doCreateBean(AbstractAutowireCapableBeanFactory.java:594)
	at org.springframework.beans.factory.support.AbstractAutowireCapableBeanFactory.createBean(AbstractAutowireCapableBeanFactory.java:517)
	at org.springframework.beans.factory.support.AbstractBeanFactory.lambda$doGetBean$0(AbstractBeanFactory.java:323)
	at org.springframework.beans.factory.support.DefaultSingletonBeanRegistry.getSingleton(DefaultSingletonBeanRegistry.java:222)
	at org.springframework.beans.factory.support.AbstractBeanFactory.doGetBean(AbstractBeanFactory.java:321)
	at org.springframework.beans.factory.support.AbstractBeanFactory.getBean(AbstractBeanFactory.java:202)
	at org.springframework.beans.factory.support.DefaultListableBeanFactory.preInstantiateSingletons(DefaultListableBeanFactory.java:879)
	at org.springframework.context.support.AbstractApplicationContext.finishBeanFactoryInitialization(AbstractApplicationContext.java:878)
	at org.springframework.context.support.AbstractApplicationContext.refresh(AbstractApplicationContext.java:550)
	at org.springframework.boot.SpringApplication.refresh(SpringApplication.java:747)
	at org.springframework.boot.SpringApplication.refreshContext(SpringApplication.java:397)
	at org.springframework.boot.SpringApplication.run(SpringApplication.java:315)
	at org.springframework.boot.SpringApplication.run(SpringApplication.java:1226)
	at org.springframework.boot.SpringApplication.run(SpringApplication.java:1215)
	at gov.nih.nci.cadsr.cscsidump.CsCsiXmlService.main(CsCsiXmlService.java:48)
	at sun.reflect.NativeMethodAccessorImpl.invoke0(Native Method)
	at sun.reflect.NativeMethodAccessorImpl.invoke(NativeMethodAccessorImpl.java:62)
	at sun.reflect.DelegatingMethodAccessorImpl.invoke(DelegatingMethodAccessorImpl.java:43)
	at java.lang.reflect.Method.invoke(Method.java:498)
	at org.springframework.boot.devtools.restart.RestartLauncher.run(RestartLauncher.java:49)
Caused by: org.springframework.beans.factory.BeanCreationException: Error creating bean with name 'dataSource' defined in class path resource [org/springframework/boot/autoconfigure/jdbc/DataSourceConfiguration$Tomcat.class]: Bean instantiation via factory method failed; nested exception is org.springframework.beans.BeanInstantiationException: Failed to instantiate [org.apache.tomcat.jdbc.pool.DataSource]: Factory method 'dataSource' threw exception; nested exception is java.lang.IllegalStateException: Cannot load driver class: ${db_driver}
	at org.springframework.beans.factory.support.ConstructorResolver.instantiate(ConstructorResolver.java:645)
	at org.springframework.beans.factory.support.ConstructorResolver.instantiateUsingFactoryMethod(ConstructorResolver.java:625)
	at org.springframework.beans.factory.support.AbstractAutowireCapableBeanFactory.instantiateUsingFactoryMethod(AbstractAutowireCapableBeanFactory.java:1338)
	at org.springframework.beans.factory.support.AbstractAutowireCapableBeanFactory.createBeanInstance(AbstractAutowireCapableBeanFactory.java:1177)
	at org.springframework.beans.factory.support.AbstractAutowireCapableBeanFactory.doCreateBean(AbstractAutowireCapableBeanFactory.java:557)
	at org.springframework.beans.factory.support.AbstractAutowireCapableBeanFactory.createBean(AbstractAutowireCapableBeanFactory.java:517)
	at org.springframework.beans.factory.support.AbstractBeanFactory.lambda$doGetBean$0(AbstractBeanFactory.java:323)
	at org.springframework.beans.factory.support.DefaultSingletonBeanRegistry.getSingleton(DefaultSingletonBeanRegistry.java:222)
	at org.springframework.beans.factory.support.AbstractBeanFactory.doGetBean(AbstractBeanFactory.java:321)
	at org.springframework.beans.factory.support.AbstractBeanFactory.getBean(AbstractBeanFactory.java:202)
	at org.springframework.beans.factory.config.DependencyDescriptor.resolveCandidate(DependencyDescriptor.java:276)
	at org.springframework.beans.factory.support.DefaultListableBeanFactory.doResolveDependency(DefaultListableBeanFactory.java:1287)
	at org.springframework.beans.factory.support.DefaultListableBeanFactory.resolveDependency(DefaultListableBeanFactory.java:1207)
	at org.springframework.beans.factory.annotation.AutowiredAnnotationBeanPostProcessor$AutowiredFieldElement.inject(AutowiredAnnotationBeanPostProcessor.java:636)
	... 23 common frames omitted
Caused by: org.springframework.beans.BeanInstantiationException: Failed to instantiate [org.apache.tomcat.jdbc.pool.DataSource]: Factory method 'dataSource' threw exception; nested exception is java.lang.IllegalStateException: Cannot load driver class: ${db_driver}
	at org.springframework.beans.factory.support.SimpleInstantiationStrategy.instantiate(SimpleInstantiationStrategy.java:185)
	at org.springframework.beans.factory.support.ConstructorResolver.instantiate(ConstructorResolver.java:640)
	... 36 common frames omitted
Caused by: java.lang.IllegalStateException: Cannot load driver class: ${db_driver}
	at org.springframework.util.Assert.state(Assert.java:94)
	at org.springframework.boot.autoconfigure.jdbc.DataSourceProperties.determineDriverClassName(DataSourceProperties.java:222)
	at org.springframework.boot.autoconfigure.jdbc.DataSourceProperties.initializeDataSourceBuilder(DataSourceProperties.java:174)
	at org.springframework.boot.autoconfigure.jdbc.DataSourceConfiguration.createDataSource(DataSourceConfiguration.java:43)
	at org.springframework.boot.autoconfigure.jdbc.DataSourceConfiguration$Tomcat.dataSource(DataSourceConfiguration.java:59)
	at sun.reflect.NativeMethodAccessorImpl.invoke0(Native Method)
	at sun.reflect.NativeMethodAccessorImpl.invoke(NativeMethodAccessorImpl.java:62)
	at sun.reflect.DelegatingMethodAccessorImpl.invoke(DelegatingMethodAccessorImpl.java:43)
	at java.lang.reflect.Method.invoke(Method.java:498)
	at org.springframework.beans.factory.support.SimpleInstantiationStrategy.instantiate(SimpleInstantiationStrategy.java:154)
	... 37 common frames omitted

--2019-10-25 14:54:46.161 - INFO 6055 --- [restartedMain] g.n.nci.cadsr.cscsidump.CsCsiXmlService  :  Starting CsCsiXmlService on NCI-01966487-ML with PID 6055 (/Users/asafievan/projects/cadsr-tools/cscsi-xml-dwnld/target/classes started by asafievan in /Users/asafievan/projects/cadsr-tools/cscsi-xml-dwnld)
---2019-10-25 14:54:46.164 -DEBUG 6055 --- [restartedMain] g.n.nci.cadsr.cscsidump.CsCsiXmlService  :  Running with Spring Boot v2.2.0.RELEASE, Spring v5.2.0.RELEASE
---2019-10-25 14:54:46.164 - INFO 6055 --- [restartedMain] g.n.nci.cadsr.cscsidump.CsCsiXmlService  :  No active profile set, falling back to default profiles: default
---2019-10-25 14:54:46.217 - INFO 6055 --- [restartedMain] .e.DevToolsPropertyDefaultsPostProcessor :  Devtools property defaults active! Set 'spring.devtools.add-properties' to 'false' to disable
---2019-10-25 14:54:46.217 - INFO 6055 --- [restartedMain] .e.DevToolsPropertyDefaultsPostProcessor :  For additional web related logging consider setting the 'logging.level.web' property to 'DEBUG'
---2019-10-25 14:54:46.898 -DEBUG 6055 --- [restartedMain] g.n.n.c.c.EmbeddedTomcatDBConfig         :  jdbcTemplate loading, dataSource defined? true
---2019-10-25 14:54:47.061 - INFO 6055 --- [restartedMain] o.s.b.d.a.OptionalLiveReloadServer       :  LiveReload server is running on port 35729
---2019-10-25 14:54:47.084 - INFO 6055 --- [restartedMain] g.n.nci.cadsr.cscsidump.CsCsiXmlService  :  Started CsCsiXmlService in 1.357 seconds (JVM running for 1.942)
---2019-10-25 14:54:47.086 -DEBUG 6055 --- [restartedMain] g.n.nci.cadsr.cscsidump.CsCsiXmlService  :  DataSource bean in use: org.apache.tomcat.jdbc.pool.DataSource
---2019-10-25 14:55:23.805 - INFO 6124 --- [restartedMain] g.n.nci.cadsr.cscsidump.CsCsiXmlService  :  Starting CsCsiXmlService on NCI-01966487-ML with PID 6124 (/Users/asafievan/projects/cadsr-tools/cscsi-xml-dwnld/target/classes started by asafievan in /Users/asafievan/projects/cadsr-tools/cscsi-xml-dwnld)
---2019-10-25 14:55:23.808 -DEBUG 6124 --- [restartedMain] g.n.nci.cadsr.cscsidump.CsCsiXmlService  :  Running with Spring Boot v2.2.0.RELEASE, Spring v5.2.0.RELEASE
---2019-10-25 14:55:23.808 - INFO 6124 --- [restartedMain] g.n.nci.cadsr.cscsidump.CsCsiXmlService  :  No active profile set, falling back to default profiles: default
---2019-10-25 14:55:23.862 - INFO 6124 --- [restartedMain] .e.DevToolsPropertyDefaultsPostProcessor :  Devtools property defaults active! Set 'spring.devtools.add-properties' to 'false' to disable
---2019-10-25 14:55:23.863 - INFO 6124 --- [restartedMain] .e.DevToolsPropertyDefaultsPostProcessor :  For additional web related logging consider setting the 'logging.level.web' property to 'DEBUG'
---2019-10-25 14:55:24.632 -DEBUG 6124 --- [restartedMain] g.n.n.c.c.EmbeddedTomcatDBConfig         :  jdbcTemplate loading, dataSource defined? true
---2019-10-25 14:55:24.811 - INFO 6124 --- [restartedMain] o.s.b.d.a.OptionalLiveReloadServer       :  LiveReload server is running on port 35729
---2019-10-25 14:55:24.839 - INFO 6124 --- [restartedMain] g.n.nci.cadsr.cscsidump.CsCsiXmlService  :  Started CsCsiXmlService in 1.502 seconds (JVM running for 2.049)
---2019-10-25 14:55:24.840 -DEBUG 6124 --- [restartedMain] g.n.nci.cadsr.cscsidump.CsCsiXmlService  :  DataSource bean in use: org.apache.tomcat.jdbc.pool.DataSource
---2019-10-25 15:13:04.215 - INFO 8189 --- [restartedMain] g.n.n.c.cscsidump.CsCsiXmlMicroservice2  :  Starting CsCsiXmlMicroservice2 on NCI-01966487-ML with PID 8189 (/Users/asafievan/projects/cadsr-tools/cscsi-xml-dwnld/target/classes started by asafievan in /Users/asafievan/projects/cadsr-tools/cscsi-xml-dwnld)
---2019-10-25 15:13:04.218 -DEBUG 8189 --- [restartedMain] g.n.n.c.cscsidump.CsCsiXmlMicroservice2  :  Running with Spring Boot v2.2.0.RELEASE, Spring v5.2.0.RELEASE
---2019-10-25 15:13:04.219 - INFO 8189 --- [restartedMain] g.n.n.c.cscsidump.CsCsiXmlMicroservice2  :  No active profile set, falling back to default profiles: default
---2019-10-25 15:13:04.235 - INFO 8189 --- [restartedMain] .e.DevToolsPropertyDefaultsPostProcessor :  Devtools property defaults active! Set 'spring.devtools.add-properties' to 'false' to disable
---2019-10-25 15:13:04.236 - INFO 8189 --- [restartedMain] .e.DevToolsPropertyDefaultsPostProcessor :  For additional web related logging consider setting the 'logging.level.web' property to 'DEBUG'
---2019-10-25 15:13:04.326 - INFO 8189 --- [restartedMain] g.n.n.c.cscsidump.CsCsiXmlMicroservice2  :  Started CsCsiXmlMicroservice2 in 0.602 seconds (JVM running for 1.16)
---2019-10-25 15:16:12.829 - INFO 8758 --- [restartedMain] g.n.n.c.cscsidump.CsCsiXmlMicroservice2  :  Starting CsCsiXmlMicroservice2 on NCI-01966487-ML with PID 8758 (/Users/asafievan/projects/cadsr-tools/cscsi-xml-dwnld/target/classes started by asafievan in /Users/asafievan/projects/cadsr-tools/cscsi-xml-dwnld)
---2019-10-25 15:16:12.834 -DEBUG 8758 --- [restartedMain] g.n.n.c.cscsidump.CsCsiXmlMicroservice2  :  Running with Spring Boot v2.2.0.RELEASE, Spring v5.2.0.RELEASE
---2019-10-25 15:16:12.834 - INFO 8758 --- [restartedMain] g.n.n.c.cscsidump.CsCsiXmlMicroservice2  :  No active profile set, falling back to default profiles: default
---2019-10-25 15:16:12.853 - INFO 8758 --- [restartedMain] .e.DevToolsPropertyDefaultsPostProcessor :  Devtools property defaults active! Set 'spring.devtools.add-properties' to 'false' to disable
---2019-10-25 15:16:12.854 - INFO 8758 --- [restartedMain] .e.DevToolsPropertyDefaultsPostProcessor :  For additional web related logging consider setting the 'logging.level.web' property to 'DEBUG'
---2019-10-25 15:16:12.944 - INFO 8758 --- [restartedMain] g.n.n.c.cscsidump.CsCsiXmlMicroservice2  :  Started CsCsiXmlMicroservice2 in 0.672 seconds (JVM running for 1.566)
---2019-10-25 15:17:22.269 - INFO 8877 --- [restartedMain] g.n.n.c.cscsidump.CsCsiXmlMicroservice2  :  Starting CsCsiXmlMicroservice2 on NCI-01966487-ML with PID 8877 (/Users/asafievan/projects/cadsr-tools/cscsi-xml-dwnld/target/classes started by asafievan in /Users/asafievan/projects/cadsr-tools/cscsi-xml-dwnld)
---2019-10-25 15:17:22.271 -DEBUG 8877 --- [restartedMain] g.n.n.c.cscsidump.CsCsiXmlMicroservice2  :  Running with Spring Boot v2.2.0.RELEASE, Spring v5.2.0.RELEASE
---2019-10-25 15:17:22.272 - INFO 8877 --- [restartedMain] g.n.n.c.cscsidump.CsCsiXmlMicroservice2  :  No active profile set, falling back to default profiles: default
---2019-10-25 15:17:22.312 - INFO 8877 --- [restartedMain] .e.DevToolsPropertyDefaultsPostProcessor :  Devtools property defaults active! Set 'spring.devtools.add-properties' to 'false' to disable
---2019-10-25 15:17:22.312 - INFO 8877 --- [restartedMain] .e.DevToolsPropertyDefaultsPostProcessor :  For additional web related logging consider setting the 'logging.level.web' property to 'DEBUG'
---2019-10-25 15:17:22.899 -DEBUG 8877 --- [restartedMain] gov.nih.nci.cadsr.cscsidump.DBConfig     :  jdbcTemplate loading, dataSource defined? true
---2019-10-25 15:17:23.030 - INFO 8877 --- [restartedMain] o.s.b.d.a.OptionalLiveReloadServer       :  LiveReload server is running on port 35729
---2019-10-25 15:17:23.052 - INFO 8877 --- [restartedMain] g.n.n.c.cscsidump.CsCsiXmlMicroservice2  :  Started CsCsiXmlMicroservice2 in 1.188 seconds (JVM running for 1.663)
---2019-10-25 15:17:23.053 -DEBUG 8877 --- [restartedMain] g.n.n.c.cscsidump.CsCsiXmlMicroservice2  :  DataSource bean in use: org.apache.tomcat.jdbc.pool.DataSource
---2019-10-25 15:17:45.242 - INFO 8913 --- [restartedMain] g.n.n.c.cscsidump.CsCsiXmlMicroservice2  :  Starting CsCsiXmlMicroservice2 on NCI-01966487-ML with PID 8913 (/Users/asafievan/projects/cadsr-tools/cscsi-xml-dwnld/target/classes started by asafievan in /Users/asafievan/projects/cadsr-tools/cscsi-xml-dwnld)
---2019-10-25 15:17:45.245 -DEBUG 8913 --- [restartedMain] g.n.n.c.cscsidump.CsCsiXmlMicroservice2  :  Running with Spring Boot v2.2.0.RELEASE, Spring v5.2.0.RELEASE
---2019-10-25 15:17:45.245 - INFO 8913 --- [restartedMain] g.n.n.c.cscsidump.CsCsiXmlMicroservice2  :  No active profile set, falling back to default profiles: default
---2019-10-25 15:17:45.288 - INFO 8913 --- [restartedMain] .e.DevToolsPropertyDefaultsPostProcessor :  Devtools property defaults active! Set 'spring.devtools.add-properties' to 'false' to disable
---2019-10-25 15:17:45.288 - INFO 8913 --- [restartedMain] .e.DevToolsPropertyDefaultsPostProcessor :  For additional web related logging consider setting the 'logging.level.web' property to 'DEBUG'
---2019-10-25 15:17:45.875 -DEBUG 8913 --- [restartedMain] gov.nih.nci.cadsr.cscsidump.DBConfig     :  jdbcTemplate loading, dataSource defined? true
---2019-10-25 15:17:46.025 - INFO 8913 --- [restartedMain] o.s.b.d.a.OptionalLiveReloadServer       :  LiveReload server is running on port 35729
---2019-10-25 15:17:46.044 - INFO 8913 --- [restartedMain] g.n.n.c.cscsidump.CsCsiXmlMicroservice2  :  Started CsCsiXmlMicroservice2 in 1.213 seconds (JVM running for 1.675)
---2019-10-25 15:17:46.046 -DEBUG 8913 --- [restartedMain] g.n.n.c.cscsidump.CsCsiXmlMicroservice2  :  DataSource bean in use: org.apache.tomcat.jdbc.pool.DataSource
---2019-10-25 15:20:40.258 - INFO 9263 --- [restartedMain] g.n.n.c.cscsidump.CsCsiXmlMicroservice2  :  Starting CsCsiXmlMicroservice2 on NCI-01966487-ML with PID 9263 (/Users/asafievan/projects/cadsr-tools/cscsi-xml-dwnld/target/classes started by asafievan in /Users/asafievan/projects/cadsr-tools/cscsi-xml-dwnld)
---2019-10-25 15:20:40.259 -DEBUG 9263 --- [restartedMain] g.n.n.c.cscsidump.CsCsiXmlMicroservice2  :  Running with Spring Boot v2.2.0.RELEASE, Spring v5.2.0.RELEASE
---2019-10-25 15:20:40.259 - INFO 9263 --- [restartedMain] g.n.n.c.cscsidump.CsCsiXmlMicroservice2  :  No active profile set, falling back to default profiles: default
---2019-10-25 15:20:40.300 - INFO 9263 --- [restartedMain] .e.DevToolsPropertyDefaultsPostProcessor :  Devtools property defaults active! Set 'spring.devtools.add-properties' to 'false' to disable
---2019-10-25 15:20:40.300 - INFO 9263 --- [restartedMain] .e.DevToolsPropertyDefaultsPostProcessor :  For additional web related logging consider setting the 'logging.level.web' property to 'DEBUG'
---2019-10-25 15:20:40.866 -DEBUG 9263 --- [restartedMain] gov.nih.nci.cadsr.cscsidump.DBConfig     :  jdbcTemplate loading, dataSource defined? true
---2019-10-25 15:20:40.988 - INFO 9263 --- [restartedMain] o.s.b.d.a.OptionalLiveReloadServer       :  LiveReload server is running on port 35729
---2019-10-25 15:20:41.011 - INFO 9263 --- [restartedMain] g.n.n.c.cscsidump.CsCsiXmlMicroservice2  :  Started CsCsiXmlMicroservice2 in 1.158 seconds (JVM running for 1.628)
---2019-10-25 15:20:41.013 -DEBUG 9263 --- [restartedMain] g.n.n.c.cscsidump.CsCsiXmlMicroservice2  :  DataSource bean in use: org.apache.tomcat.jdbc.pool.DataSource
---2019-10-25 15:21:48.201 - INFO 9377 --- [restartedMain] g.n.n.c.cscsidump.CsCsiXmlMicroservice2  :  Starting CsCsiXmlMicroservice2 on NCI-01966487-ML with PID 9377 (/Users/asafievan/projects/cadsr-tools/cscsi-xml-dwnld/target/classes started by asafievan in /Users/asafievan/projects/cadsr-tools/cscsi-xml-dwnld)
---2019-10-25 15:21:48.202 -DEBUG 9377 --- [restartedMain] g.n.n.c.cscsidump.CsCsiXmlMicroservice2  :  Running with Spring Boot v2.2.0.RELEASE, Spring v5.2.0.RELEASE
---2019-10-25 15:21:48.203 - INFO 9377 --- [restartedMain] g.n.n.c.cscsidump.CsCsiXmlMicroservice2  :  No active profile set, falling back to default profiles: default
---2019-10-25 15:21:48.244 - INFO 9377 --- [restartedMain] .e.DevToolsPropertyDefaultsPostProcessor :  Devtools property defaults active! Set 'spring.devtools.add-properties' to 'false' to disable
---2019-10-25 15:21:48.244 - INFO 9377 --- [restartedMain] .e.DevToolsPropertyDefaultsPostProcessor :  For additional web related logging consider setting the 'logging.level.web' property to 'DEBUG'
---2019-10-25 15:21:48.818 -DEBUG 9377 --- [restartedMain] gov.nih.nci.cadsr.cscsidump.DBConfig     :  jdbcTemplate loading, dataSource defined? true
---2019-10-25 15:21:48.950 - INFO 9377 --- [restartedMain] o.s.b.d.a.OptionalLiveReloadServer       :  LiveReload server is running on port 35729
---2019-10-25 15:21:48.969 - INFO 9377 --- [restartedMain] g.n.n.c.cscsidump.CsCsiXmlMicroservice2  :  Started CsCsiXmlMicroservice2 in 1.166 seconds (JVM running for 1.641)
---2019-10-25 15:21:48.970 -DEBUG 9377 --- [restartedMain] g.n.n.c.cscsidump.CsCsiXmlMicroservice2  :  DataSource bean in use: org.apache.tomcat.jdbc.pool.DataSource
---2019-10-25 15:27:01.278 - INFO 9950 --- [restartedMain] g.n.n.c.cscsidump.CsCsiXmlMicroservice2  :  Starting CsCsiXmlMicroservice2 on NCI-01966487-ML with PID 9950 (/Users/asafievan/projects/cadsr-tools/cscsi-xml-dwnld/target/classes started by asafievan in /Users/asafievan/projects/cadsr-tools/cscsi-xml-dwnld)
---2019-10-25 15:27:01.279 -DEBUG 9950 --- [restartedMain] g.n.n.c.cscsidump.CsCsiXmlMicroservice2  :  Running with Spring Boot v2.2.0.RELEASE, Spring v5.2.0.RELEASE
---2019-10-25 15:27:01.279 - INFO 9950 --- [restartedMain] g.n.n.c.cscsidump.CsCsiXmlMicroservice2  :  No active profile set, falling back to default profiles: default
---2019-10-25 15:27:01.317 - INFO 9950 --- [restartedMain] .e.DevToolsPropertyDefaultsPostProcessor :  Devtools property defaults active! Set 'spring.devtools.add-properties' to 'false' to disable
---2019-10-25 15:27:01.317 - INFO 9950 --- [restartedMain] .e.DevToolsPropertyDefaultsPostProcessor :  For additional web related logging consider setting the 'logging.level.web' property to 'DEBUG'
---2019-10-25 15:27:01.889 -DEBUG 9950 --- [restartedMain] gov.nih.nci.cadsr.cscsidump.DBConfig     :  jdbcTemplate loading, dataSource defined? true
---2019-10-25 15:27:02.025 - INFO 9950 --- [restartedMain] o.s.b.d.a.OptionalLiveReloadServer       :  LiveReload server is running on port 35729
---2019-10-25 15:27:02.043 - INFO 9950 --- [restartedMain] g.n.n.c.cscsidump.CsCsiXmlMicroservice2  :  Started CsCsiXmlMicroservice2 in 1.161 seconds (JVM running for 1.619)
---2019-10-25 15:27:02.044 -DEBUG 9950 --- [restartedMain] g.n.n.c.cscsidump.CsCsiXmlMicroservice2  :  DataSource bean in use: org.apache.tomcat.jdbc.pool.DataSource
---2019-10-25 15:27:35.435 - INFO 10020 --- [restartedMain] g.n.n.c.cscsidump.CsCsiXmlMicroservice2  :  Starting CsCsiXmlMicroservice2 on NCI-01966487-ML with PID 10020 (/Users/asafievan/projects/cadsr-tools/cscsi-xml-dwnld/target/classes started by asafievan in /Users/asafievan/projects/cadsr-tools/cscsi-xml-dwnld)
---2019-10-25 15:27:35.436 -DEBUG 10020 --- [restartedMain] g.n.n.c.cscsidump.CsCsiXmlMicroservice2  :  Running with Spring Boot v2.2.0.RELEASE, Spring v5.2.0.RELEASE
---2019-10-25 15:27:35.437 - INFO 10020 --- [restartedMain] g.n.n.c.cscsidump.CsCsiXmlMicroservice2  :  No active profile set, falling back to default profiles: default
---2019-10-25 15:27:35.478 - INFO 10020 --- [restartedMain] .e.DevToolsPropertyDefaultsPostProcessor :  Devtools property defaults active! Set 'spring.devtools.add-properties' to 'false' to disable
---2019-10-25 15:27:35.478 - INFO 10020 --- [restartedMain] .e.DevToolsPropertyDefaultsPostProcessor :  For additional web related logging consider setting the 'logging.level.web' property to 'DEBUG'
---2019-10-25 15:27:36.023 -DEBUG 10020 --- [restartedMain] gov.nih.nci.cadsr.cscsidump.DBConfig     :  jdbcTemplate loading, dataSource defined? true
---2019-10-25 15:27:36.147 - INFO 10020 --- [restartedMain] o.s.b.d.a.OptionalLiveReloadServer       :  LiveReload server is running on port 35729
---2019-10-25 15:27:36.167 - INFO 10020 --- [restartedMain] g.n.n.c.cscsidump.CsCsiXmlMicroservice2  :  Started CsCsiXmlMicroservice2 in 1.114 seconds (JVM running for 1.571)
---2019-10-25 15:27:36.168 -DEBUG 10020 --- [restartedMain] g.n.n.c.cscsidump.CsCsiXmlMicroservice2  :  DataSource bean in use: org.apache.tomcat.jdbc.pool.DataSource
---2019-10-25 15:56:18.409 - INFO 13530 --- [restartedMain] g.n.n.c.cscsidump.CsCsiXmlMicroservice2  :  Starting CsCsiXmlMicroservice2 on NCI-01966487-ML with PID 13530 (/Users/asafievan/projects/cadsr-tools/cscsi-xml-dwnld/target/classes started by asafievan in /Users/asafievan/projects/cadsr-tools/cscsi-xml-dwnld)
---2019-10-25 15:56:18.410 -DEBUG 13530 --- [restartedMain] g.n.n.c.cscsidump.CsCsiXmlMicroservice2  :  Running with Spring Boot v2.2.0.RELEASE, Spring v5.2.0.RELEASE
---2019-10-25 15:56:18.411 - INFO 13530 --- [restartedMain] g.n.n.c.cscsidump.CsCsiXmlMicroservice2  :  No active profile set, falling back to default profiles: default
---2019-10-25 15:56:18.455 - INFO 13530 --- [restartedMain] .e.DevToolsPropertyDefaultsPostProcessor :  Devtools property defaults active! Set 'spring.devtools.add-properties' to 'false' to disable
---2019-10-25 15:56:18.455 - INFO 13530 --- [restartedMain] .e.DevToolsPropertyDefaultsPostProcessor :  For additional web related logging consider setting the 'logging.level.web' property to 'DEBUG'
---2019-10-25 15:56:19.130 -DEBUG 13530 --- [restartedMain] gov.nih.nci.cadsr.cscsidump.DBConfig     :  jdbcTemplate loading, dataSource defined? true
---2019-10-25 15:56:19.300 - INFO 13530 --- [restartedMain] o.s.b.d.a.OptionalLiveReloadServer       :  LiveReload server is running on port 35729
---2019-10-25 15:56:19.324 - INFO 13530 --- [restartedMain] g.n.n.c.cscsidump.CsCsiXmlMicroservice2  :  Started CsCsiXmlMicroservice2 in 1.388 seconds (JVM running for 1.872)
---2019-10-25 15:56:19.335 -DEBUG 13530 --- [restartedMain] g.n.n.c.cscsidump.DataElementRepository  :  retrieveWriteClob: retrieveQueryStr: select TEXT CS_CSI_XML from SBREXT.MDSR_GENERATED_XML where SEQ_ID = (select max(SEQ_ID)from SBREXT.MDSR_GENERATED_XML)
---2019-10-25 15:56:21.087 -ERROR 13530 --- [restartedMain] g.n.n.c.cscsidump.DataElementRepository  :  retrieveBlobData error on idseq: StatementCallback; bad SQL grammar [select TEXT CS_CSI_XML from SBREXT.MDSR_GENERATED_XML where SEQ_ID = (select max(SEQ_ID)from SBREXT.MDSR_GENERATED_XML)]; nested exception is java.sql.SQLSyntaxErrorException: ORA-00942: table or view does not exist

-
org.springframework.jdbc.BadSqlGrammarException: StatementCallback; bad SQL grammar [select TEXT CS_CSI_XML from SBREXT.MDSR_GENERATED_XML where SEQ_ID = (select max(SEQ_ID)from SBREXT.MDSR_GENERATED_XML)]; nested exception is java.sql.SQLSyntaxErrorException: ORA-00942: table or view does not exist

	at org.springframework.jdbc.support.SQLErrorCodeSQLExceptionTranslator.doTranslate(SQLErrorCodeSQLExceptionTranslator.java:235)
	at org.springframework.jdbc.support.AbstractFallbackSQLExceptionTranslator.translate(AbstractFallbackSQLExceptionTranslator.java:72)
	at org.springframework.jdbc.core.JdbcTemplate.translateException(JdbcTemplate.java:1443)
	at org.springframework.jdbc.core.JdbcTemplate.execute(JdbcTemplate.java:388)
	at org.springframework.jdbc.core.JdbcTemplate.query(JdbcTemplate.java:452)
	at org.springframework.jdbc.core.JdbcTemplate.queryForRowSet(JdbcTemplate.java:495)
	at gov.nih.nci.cadsr.cscsidump.DataElementRepository.retrieveWriteClob(DataElementRepository.java:70)
	at gov.nih.nci.cadsr.cscsidump.DataElementRepository$$FastClassBySpringCGLIB$$437d3827.invoke(<generated>)
	at org.springframework.cglib.proxy.MethodProxy.invoke(MethodProxy.java:218)
	at org.springframework.aop.framework.CglibAopProxy$CglibMethodInvocation.invokeJoinpoint(CglibAopProxy.java:769)
	at org.springframework.aop.framework.ReflectiveMethodInvocation.proceed(ReflectiveMethodInvocation.java:163)
	at org.springframework.aop.framework.CglibAopProxy$CglibMethodInvocation.proceed(CglibAopProxy.java:747)
	at org.springframework.dao.support.PersistenceExceptionTranslationInterceptor.invoke(PersistenceExceptionTranslationInterceptor.java:139)
	at org.springframework.aop.framework.ReflectiveMethodInvocation.proceed(ReflectiveMethodInvocation.java:186)
	at org.springframework.aop.framework.CglibAopProxy$CglibMethodInvocation.proceed(CglibAopProxy.java:747)
	at org.springframework.aop.framework.CglibAopProxy$DynamicAdvisedInterceptor.intercept(CglibAopProxy.java:689)
	at gov.nih.nci.cadsr.cscsidump.DataElementRepository$$EnhancerBySpringCGLIB$$8e6acf34.retrieveWriteClob(<generated>)
	at gov.nih.nci.cadsr.cscsidump.CsCsiXmlRunner.run(CsCsiXmlRunner.java:76)
	at org.springframework.boot.SpringApplication.callRunner(SpringApplication.java:784)
	at org.springframework.boot.SpringApplication.callRunners(SpringApplication.java:768)
	at org.springframework.boot.SpringApplication.run(SpringApplication.java:322)
	at org.springframework.boot.SpringApplication.run(SpringApplication.java:1226)
	at org.springframework.boot.SpringApplication.run(SpringApplication.java:1215)
	at gov.nih.nci.cadsr.cscsidump.CsCsiXmlMicroservice2.main(CsCsiXmlMicroservice2.java:47)
	at sun.reflect.NativeMethodAccessorImpl.invoke0(Native Method)
	at sun.reflect.NativeMethodAccessorImpl.invoke(NativeMethodAccessorImpl.java:62)
	at sun.reflect.DelegatingMethodAccessorImpl.invoke(DelegatingMethodAccessorImpl.java:43)
	at java.lang.reflect.Method.invoke(Method.java:498)
	at org.springframework.boot.devtools.restart.RestartLauncher.run(RestartLauncher.java:49)
Caused by: java.sql.SQLSyntaxErrorException: ORA-00942: table or view does not exist

	at oracle.jdbc.driver.T4CTTIoer.processError(T4CTTIoer.java:461)
	at oracle.jdbc.driver.T4CTTIoer.processError(T4CTTIoer.java:402)
	at oracle.jdbc.driver.T4C8Oall.processError(T4C8Oall.java:1108)
	at oracle.jdbc.driver.T4CTTIfun.receive(T4CTTIfun.java:541)
	at oracle.jdbc.driver.T4CTTIfun.doRPC(T4CTTIfun.java:264)
	at oracle.jdbc.driver.T4C8Oall.doOALL(T4C8Oall.java:598)
	at oracle.jdbc.driver.T4CStatement.doOall8(T4CStatement.java:213)
	at oracle.jdbc.driver.T4CStatement.doOall8(T4CStatement.java:26)
	at oracle.jdbc.driver.T4CStatement.executeForDescribe(T4CStatement.java:1036)
	at oracle.jdbc.driver.OracleStatement.executeMaybeDescribe(OracleStatement.java:1148)
	at oracle.jdbc.driver.OracleStatement.doExecuteWithTimeout(OracleStatement.java:1512)
	at oracle.jdbc.driver.OracleStatement.executeQuery(OracleStatement.java:1795)
	at oracle.jdbc.driver.OracleStatementWrapper.executeQuery(OracleStatementWrapper.java:1513)
	at sun.reflect.NativeMethodAccessorImpl.invoke0(Native Method)
	at sun.reflect.NativeMethodAccessorImpl.invoke(NativeMethodAccessorImpl.java:62)
	at sun.reflect.DelegatingMethodAccessorImpl.invoke(DelegatingMethodAccessorImpl.java:43)
	at java.lang.reflect.Method.invoke(Method.java:498)
	at org.apache.tomcat.jdbc.pool.StatementFacade$StatementProxy.invoke(StatementFacade.java:114)
	at com.sun.proxy.$Proxy59.executeQuery(Unknown Source)
	at org.springframework.jdbc.core.JdbcTemplate$1QueryStatementCallback.doInStatement(JdbcTemplate.java:439)
	at org.springframework.jdbc.core.JdbcTemplate.execute(JdbcTemplate.java:376)
	... 25 common frames omitted

--2019-10-25 15:56:21.089 - INFO 13530 --- [restartedMain] g.n.nci.cadsr.cscsidump.CsCsiXmlRunner   :  CsCsiXmlRunner done creating xml file: xmldir/xml_cde_2019102535619.xml
---2019-10-25 15:56:21.094 - INFO 13530 --- [restartedMain] ConditionEvaluationReportLoggingListener :  

Error starting ApplicationContext. To display the conditions report re-run your application with 'debug' enabled.
---2019-10-25 15:56:21.095 -ERROR 13530 --- [restartedMain] o.s.boot.SpringApplication               :  Application run failed
-
java.lang.IllegalStateException: Failed to execute CommandLineRunner
	at org.springframework.boot.SpringApplication.callRunner(SpringApplication.java:787)
	at org.springframework.boot.SpringApplication.callRunners(SpringApplication.java:768)
	at org.springframework.boot.SpringApplication.run(SpringApplication.java:322)
	at org.springframework.boot.SpringApplication.run(SpringApplication.java:1226)
	at org.springframework.boot.SpringApplication.run(SpringApplication.java:1215)
	at gov.nih.nci.cadsr.cscsidump.CsCsiXmlMicroservice2.main(CsCsiXmlMicroservice2.java:47)
	at sun.reflect.NativeMethodAccessorImpl.invoke0(Native Method)
	at sun.reflect.NativeMethodAccessorImpl.invoke(NativeMethodAccessorImpl.java:62)
	at sun.reflect.DelegatingMethodAccessorImpl.invoke(DelegatingMethodAccessorImpl.java:43)
	at java.lang.reflect.Method.invoke(Method.java:498)
	at org.springframework.boot.devtools.restart.RestartLauncher.run(RestartLauncher.java:49)
Caused by: java.io.FileNotFoundException: xmldir/xml_cde_2019102535619.xml (No such file or directory)
	at java.io.FileInputStream.open0(Native Method)
	at java.io.FileInputStream.open(FileInputStream.java:195)
	at java.io.FileInputStream.<init>(FileInputStream.java:138)
	at java.io.FileInputStream.<init>(FileInputStream.java:93)
	at gov.nih.nci.cadsr.cscsidump.CsCsiXmlRunner.createZipFile(CsCsiXmlRunner.java:45)
	at gov.nih.nci.cadsr.cscsidump.CsCsiXmlRunner.run(CsCsiXmlRunner.java:82)
	at org.springframework.boot.SpringApplication.callRunner(SpringApplication.java:784)
	... 10 common frames omitted

--2019-10-25 16:03:15.676 - INFO 17986 --- [restartedMain] g.n.n.c.cscsidump.CsCsiXmlMicroservice2  :  Starting CsCsiXmlMicroservice2 on NCI-01966487-ML with PID 17986 (/Users/asafievan/projects/cadsr-tools/cscsi-xml-dwnld/target/classes started by asafievan in /Users/asafievan/projects/cadsr-tools/cscsi-xml-dwnld)
---2019-10-25 16:03:15.677 -DEBUG 17986 --- [restartedMain] g.n.n.c.cscsidump.CsCsiXmlMicroservice2  :  Running with Spring Boot v2.2.0.RELEASE, Spring v5.2.0.RELEASE
---2019-10-25 16:03:15.678 - INFO 17986 --- [restartedMain] g.n.n.c.cscsidump.CsCsiXmlMicroservice2  :  No active profile set, falling back to default profiles: default
---2019-10-25 16:03:15.720 - INFO 17986 --- [restartedMain] .e.DevToolsPropertyDefaultsPostProcessor :  Devtools property defaults active! Set 'spring.devtools.add-properties' to 'false' to disable
---2019-10-25 16:03:15.720 - INFO 17986 --- [restartedMain] .e.DevToolsPropertyDefaultsPostProcessor :  For additional web related logging consider setting the 'logging.level.web' property to 'DEBUG'
---2019-10-25 16:03:16.293 -DEBUG 17986 --- [restartedMain] gov.nih.nci.cadsr.cscsidump.DBConfig     :  jdbcTemplate loading, dataSource defined? true
---2019-10-25 16:03:16.432 - INFO 17986 --- [restartedMain] o.s.b.d.a.OptionalLiveReloadServer       :  LiveReload server is running on port 35729
---2019-10-25 16:03:16.453 - INFO 17986 --- [restartedMain] g.n.n.c.cscsidump.CsCsiXmlMicroservice2  :  Started CsCsiXmlMicroservice2 in 1.183 seconds (JVM running for 1.674)
---2019-10-25 16:03:16.463 -DEBUG 17986 --- [restartedMain] g.n.n.c.cscsidump.DataElementRepository  :  retrieveWriteClob: retrieveQueryStr: select TEXT CS_CSI_XML from SBREXT.MDSR_GENERATED_XML where SEQ_ID = (select max(SEQ_ID)from SBREXT.MDSR_GENERATED_XML)
---2019-10-25 16:03:18.427 -ERROR 17986 --- [restartedMain] g.n.n.c.cscsidump.DataElementRepository  :  retrieveBlobData error on idseq: Invalid cursor position; nested exception is java.sql.SQLException: Invalid cursor position
-
org.springframework.jdbc.InvalidResultSetAccessException: Invalid cursor position; nested exception is java.sql.SQLException: Invalid cursor position
	at org.springframework.jdbc.support.rowset.ResultSetWrappingSqlRowSet.getObject(ResultSetWrappingSqlRowSet.java:378)
	at org.springframework.jdbc.support.rowset.ResultSetWrappingSqlRowSet.getObject(ResultSetWrappingSqlRowSet.java:387)
	at gov.nih.nci.cadsr.cscsidump.DataElementRepository.retrieveWriteClob(DataElementRepository.java:71)
	at gov.nih.nci.cadsr.cscsidump.DataElementRepository$$FastClassBySpringCGLIB$$437d3827.invoke(<generated>)
	at org.springframework.cglib.proxy.MethodProxy.invoke(MethodProxy.java:218)
	at org.springframework.aop.framework.CglibAopProxy$CglibMethodInvocation.invokeJoinpoint(CglibAopProxy.java:769)
	at org.springframework.aop.framework.ReflectiveMethodInvocation.proceed(ReflectiveMethodInvocation.java:163)
	at org.springframework.aop.framework.CglibAopProxy$CglibMethodInvocation.proceed(CglibAopProxy.java:747)
	at org.springframework.dao.support.PersistenceExceptionTranslationInterceptor.invoke(PersistenceExceptionTranslationInterceptor.java:139)
	at org.springframework.aop.framework.ReflectiveMethodInvocation.proceed(ReflectiveMethodInvocation.java:186)
	at org.springframework.aop.framework.CglibAopProxy$CglibMethodInvocation.proceed(CglibAopProxy.java:747)
	at org.springframework.aop.framework.CglibAopProxy$DynamicAdvisedInterceptor.intercept(CglibAopProxy.java:689)
	at gov.nih.nci.cadsr.cscsidump.DataElementRepository$$EnhancerBySpringCGLIB$$93be446e.retrieveWriteClob(<generated>)
	at gov.nih.nci.cadsr.cscsidump.CsCsiXmlRunner.run(CsCsiXmlRunner.java:76)
	at org.springframework.boot.SpringApplication.callRunner(SpringApplication.java:784)
	at org.springframework.boot.SpringApplication.callRunners(SpringApplication.java:768)
	at org.springframework.boot.SpringApplication.run(SpringApplication.java:322)
	at org.springframework.boot.SpringApplication.run(SpringApplication.java:1226)
	at org.springframework.boot.SpringApplication.run(SpringApplication.java:1215)
	at gov.nih.nci.cadsr.cscsidump.CsCsiXmlMicroservice2.main(CsCsiXmlMicroservice2.java:47)
	at sun.reflect.NativeMethodAccessorImpl.invoke0(Native Method)
	at sun.reflect.NativeMethodAccessorImpl.invoke(NativeMethodAccessorImpl.java:62)
	at sun.reflect.DelegatingMethodAccessorImpl.invoke(DelegatingMethodAccessorImpl.java:43)
	at java.lang.reflect.Method.invoke(Method.java:498)
	at org.springframework.boot.devtools.restart.RestartLauncher.run(RestartLauncher.java:49)
Caused by: java.sql.SQLException: Invalid cursor position
	at com.sun.rowset.CachedRowSetImpl.checkCursor(CachedRowSetImpl.java:1610)
	at com.sun.rowset.CachedRowSetImpl.getObject(CachedRowSetImpl.java:2944)
	at org.springframework.jdbc.support.rowset.ResultSetWrappingSqlRowSet.getObject(ResultSetWrappingSqlRowSet.java:375)
	... 24 common frames omitted

--2019-10-25 16:03:18.428 - INFO 17986 --- [restartedMain] g.n.nci.cadsr.cscsidump.CsCsiXmlRunner   :  CsCsiXmlRunner done creating xml file: xmldir/xml_cde_201910254316.xml
---2019-10-25 16:03:18.432 - INFO 17986 --- [restartedMain] ConditionEvaluationReportLoggingListener :  

Error starting ApplicationContext. To display the conditions report re-run your application with 'debug' enabled.
---2019-10-25 16:03:18.434 -ERROR 17986 --- [restartedMain] o.s.boot.SpringApplication               :  Application run failed
-
java.lang.IllegalStateException: Failed to execute CommandLineRunner
	at org.springframework.boot.SpringApplication.callRunner(SpringApplication.java:787)
	at org.springframework.boot.SpringApplication.callRunners(SpringApplication.java:768)
	at org.springframework.boot.SpringApplication.run(SpringApplication.java:322)
	at org.springframework.boot.SpringApplication.run(SpringApplication.java:1226)
	at org.springframework.boot.SpringApplication.run(SpringApplication.java:1215)
	at gov.nih.nci.cadsr.cscsidump.CsCsiXmlMicroservice2.main(CsCsiXmlMicroservice2.java:47)
	at sun.reflect.NativeMethodAccessorImpl.invoke0(Native Method)
	at sun.reflect.NativeMethodAccessorImpl.invoke(NativeMethodAccessorImpl.java:62)
	at sun.reflect.DelegatingMethodAccessorImpl.invoke(DelegatingMethodAccessorImpl.java:43)
	at java.lang.reflect.Method.invoke(Method.java:498)
	at org.springframework.boot.devtools.restart.RestartLauncher.run(RestartLauncher.java:49)
Caused by: java.io.FileNotFoundException: xmldir/xml_cde_201910254316.xml (No such file or directory)
	at java.io.FileInputStream.open0(Native Method)
	at java.io.FileInputStream.open(FileInputStream.java:195)
	at java.io.FileInputStream.<init>(FileInputStream.java:138)
	at java.io.FileInputStream.<init>(FileInputStream.java:93)
	at gov.nih.nci.cadsr.cscsidump.CsCsiXmlRunner.createZipFile(CsCsiXmlRunner.java:45)
	at gov.nih.nci.cadsr.cscsidump.CsCsiXmlRunner.run(CsCsiXmlRunner.java:82)
	at org.springframework.boot.SpringApplication.callRunner(SpringApplication.java:784)
	... 10 common frames omitted

--2019-10-25 16:04:13.387 - INFO 18087 --- [restartedMain] g.n.n.c.cscsidump.CsCsiXmlMicroservice2  :  Starting CsCsiXmlMicroservice2 on NCI-01966487-ML with PID 18087 (/Users/asafievan/projects/cadsr-tools/cscsi-xml-dwnld/target/classes started by asafievan in /Users/asafievan/projects/cadsr-tools/cscsi-xml-dwnld)
---2019-10-25 16:04:13.388 -DEBUG 18087 --- [restartedMain] g.n.n.c.cscsidump.CsCsiXmlMicroservice2  :  Running with Spring Boot v2.2.0.RELEASE, Spring v5.2.0.RELEASE
---2019-10-25 16:04:13.389 - INFO 18087 --- [restartedMain] g.n.n.c.cscsidump.CsCsiXmlMicroservice2  :  No active profile set, falling back to default profiles: default
---2019-10-25 16:04:13.429 - INFO 18087 --- [restartedMain] .e.DevToolsPropertyDefaultsPostProcessor :  Devtools property defaults active! Set 'spring.devtools.add-properties' to 'false' to disable
---2019-10-25 16:04:13.429 - INFO 18087 --- [restartedMain] .e.DevToolsPropertyDefaultsPostProcessor :  For additional web related logging consider setting the 'logging.level.web' property to 'DEBUG'
---2019-10-25 16:04:14.021 -DEBUG 18087 --- [restartedMain] gov.nih.nci.cadsr.cscsidump.DBConfig     :  jdbcTemplate loading, dataSource defined? true
---2019-10-25 16:04:14.149 - INFO 18087 --- [restartedMain] o.s.b.d.a.OptionalLiveReloadServer       :  LiveReload server is running on port 35729
---2019-10-25 16:04:14.170 - INFO 18087 --- [restartedMain] g.n.n.c.cscsidump.CsCsiXmlMicroservice2  :  Started CsCsiXmlMicroservice2 in 1.185 seconds (JVM running for 1.657)
---2019-10-25 16:04:14.178 -DEBUG 18087 --- [restartedMain] g.n.n.c.cscsidump.DataElementRepository  :  retrieveWriteClob: retrieveQueryStr: select TEXT CS_CSI_XML from SBREXT.MDSR_GENERATED_XML where SEQ_ID = (select max(SEQ_ID)from SBREXT.MDSR_GENERATED_XML)
---2019-10-25 16:04:16.052 -ERROR 18087 --- [restartedMain] g.n.n.c.cscsidump.DataElementRepository  :  retrieveBlobData error on idseq: Invalid cursor position; nested exception is java.sql.SQLException: Invalid cursor position
-
org.springframework.jdbc.InvalidResultSetAccessException: Invalid cursor position; nested exception is java.sql.SQLException: Invalid cursor position
	at org.springframework.jdbc.support.rowset.ResultSetWrappingSqlRowSet.getObject(ResultSetWrappingSqlRowSet.java:378)
	at gov.nih.nci.cadsr.cscsidump.DataElementRepository.retrieveWriteClob(DataElementRepository.java:71)
	at gov.nih.nci.cadsr.cscsidump.DataElementRepository$$FastClassBySpringCGLIB$$437d3827.invoke(<generated>)
	at org.springframework.cglib.proxy.MethodProxy.invoke(MethodProxy.java:218)
	at org.springframework.aop.framework.CglibAopProxy$CglibMethodInvocation.invokeJoinpoint(CglibAopProxy.java:769)
	at org.springframework.aop.framework.ReflectiveMethodInvocation.proceed(ReflectiveMethodInvocation.java:163)
	at org.springframework.aop.framework.CglibAopProxy$CglibMethodInvocation.proceed(CglibAopProxy.java:747)
	at org.springframework.dao.support.PersistenceExceptionTranslationInterceptor.invoke(PersistenceExceptionTranslationInterceptor.java:139)
	at org.springframework.aop.framework.ReflectiveMethodInvocation.proceed(ReflectiveMethodInvocation.java:186)
	at org.springframework.aop.framework.CglibAopProxy$CglibMethodInvocation.proceed(CglibAopProxy.java:747)
	at org.springframework.aop.framework.CglibAopProxy$DynamicAdvisedInterceptor.intercept(CglibAopProxy.java:689)
	at gov.nih.nci.cadsr.cscsidump.DataElementRepository$$EnhancerBySpringCGLIB$$8786af61.retrieveWriteClob(<generated>)
	at gov.nih.nci.cadsr.cscsidump.CsCsiXmlRunner.run(CsCsiXmlRunner.java:76)
	at org.springframework.boot.SpringApplication.callRunner(SpringApplication.java:784)
	at org.springframework.boot.SpringApplication.callRunners(SpringApplication.java:768)
	at org.springframework.boot.SpringApplication.run(SpringApplication.java:322)
	at org.springframework.boot.SpringApplication.run(SpringApplication.java:1226)
	at org.springframework.boot.SpringApplication.run(SpringApplication.java:1215)
	at gov.nih.nci.cadsr.cscsidump.CsCsiXmlMicroservice2.main(CsCsiXmlMicroservice2.java:47)
	at sun.reflect.NativeMethodAccessorImpl.invoke0(Native Method)
	at sun.reflect.NativeMethodAccessorImpl.invoke(NativeMethodAccessorImpl.java:62)
	at sun.reflect.DelegatingMethodAccessorImpl.invoke(DelegatingMethodAccessorImpl.java:43)
	at java.lang.reflect.Method.invoke(Method.java:498)
	at org.springframework.boot.devtools.restart.RestartLauncher.run(RestartLauncher.java:49)
Caused by: java.sql.SQLException: Invalid cursor position
	at com.sun.rowset.CachedRowSetImpl.checkCursor(CachedRowSetImpl.java:1610)
	at com.sun.rowset.CachedRowSetImpl.getObject(CachedRowSetImpl.java:2944)
	at org.springframework.jdbc.support.rowset.ResultSetWrappingSqlRowSet.getObject(ResultSetWrappingSqlRowSet.java:375)
	... 23 common frames omitted

--2019-10-25 16:04:16.053 - INFO 18087 --- [restartedMain] g.n.nci.cadsr.cscsidump.CsCsiXmlRunner   :  CsCsiXmlRunner done creating xml file: xmldir/xml_cde_201910254414.xml
---2019-10-25 16:04:16.058 - INFO 18087 --- [restartedMain] ConditionEvaluationReportLoggingListener :  

Error starting ApplicationContext. To display the conditions report re-run your application with 'debug' enabled.
---2019-10-25 16:04:16.059 -ERROR 18087 --- [restartedMain] o.s.boot.SpringApplication               :  Application run failed
-
java.lang.IllegalStateException: Failed to execute CommandLineRunner
	at org.springframework.boot.SpringApplication.callRunner(SpringApplication.java:787)
	at org.springframework.boot.SpringApplication.callRunners(SpringApplication.java:768)
	at org.springframework.boot.SpringApplication.run(SpringApplication.java:322)
	at org.springframework.boot.SpringApplication.run(SpringApplication.java:1226)
	at org.springframework.boot.SpringApplication.run(SpringApplication.java:1215)
	at gov.nih.nci.cadsr.cscsidump.CsCsiXmlMicroservice2.main(CsCsiXmlMicroservice2.java:47)
	at sun.reflect.NativeMethodAccessorImpl.invoke0(Native Method)
	at sun.reflect.NativeMethodAccessorImpl.invoke(NativeMethodAccessorImpl.java:62)
	at sun.reflect.DelegatingMethodAccessorImpl.invoke(DelegatingMethodAccessorImpl.java:43)
	at java.lang.reflect.Method.invoke(Method.java:498)
	at org.springframework.boot.devtools.restart.RestartLauncher.run(RestartLauncher.java:49)
Caused by: java.io.FileNotFoundException: xmldir/xml_cde_201910254414.xml (No such file or directory)
	at java.io.FileInputStream.open0(Native Method)
	at java.io.FileInputStream.open(FileInputStream.java:195)
	at java.io.FileInputStream.<init>(FileInputStream.java:138)
	at java.io.FileInputStream.<init>(FileInputStream.java:93)
	at gov.nih.nci.cadsr.cscsidump.CsCsiXmlRunner.createZipFile(CsCsiXmlRunner.java:45)
	at gov.nih.nci.cadsr.cscsidump.CsCsiXmlRunner.run(CsCsiXmlRunner.java:82)
	at org.springframework.boot.SpringApplication.callRunner(SpringApplication.java:784)
	... 10 common frames omitted

--2019-10-25 16:05:21.493 - INFO 18203 --- [restartedMain] g.n.n.c.cscsidump.CsCsiXmlMicroservice2  :  Starting CsCsiXmlMicroservice2 on NCI-01966487-ML with PID 18203 (/Users/asafievan/projects/cadsr-tools/cscsi-xml-dwnld/target/classes started by asafievan in /Users/asafievan/projects/cadsr-tools/cscsi-xml-dwnld)
---2019-10-25 16:05:21.494 -DEBUG 18203 --- [restartedMain] g.n.n.c.cscsidump.CsCsiXmlMicroservice2  :  Running with Spring Boot v2.2.0.RELEASE, Spring v5.2.0.RELEASE
---2019-10-25 16:05:21.494 - INFO 18203 --- [restartedMain] g.n.n.c.cscsidump.CsCsiXmlMicroservice2  :  No active profile set, falling back to default profiles: default
---2019-10-25 16:05:21.563 - INFO 18203 --- [restartedMain] .e.DevToolsPropertyDefaultsPostProcessor :  Devtools property defaults active! Set 'spring.devtools.add-properties' to 'false' to disable
---2019-10-25 16:05:21.563 - INFO 18203 --- [restartedMain] .e.DevToolsPropertyDefaultsPostProcessor :  For additional web related logging consider setting the 'logging.level.web' property to 'DEBUG'
---2019-10-25 16:05:30.966 -DEBUG 18203 --- [restartedMain] gov.nih.nci.cadsr.cscsidump.DBConfig     :  jdbcTemplate loading, dataSource defined? true
---2019-10-25 16:05:32.823 - INFO 18203 --- [restartedMain] o.s.b.d.a.OptionalLiveReloadServer       :  LiveReload server is running on port 35729
---2019-10-25 16:05:32.851 - INFO 18203 --- [restartedMain] g.n.n.c.cscsidump.CsCsiXmlMicroservice2  :  Started CsCsiXmlMicroservice2 in 11.98 seconds (JVM running for 12.758)
---2019-10-25 16:05:38.510 -DEBUG 18203 --- [restartedMain] g.n.n.c.cscsidump.DataElementRepository  :  retrieveWriteClob: retrieveQueryStr: select TEXT from SBREXT.MDSR_GENERATED_XML where SEQ_ID = (select max(SEQ_ID)from SBREXT.MDSR_GENERATED_XML)
---2019-10-25 16:05:40.447 -ERROR 18203 --- [restartedMain] g.n.n.c.cscsidump.DataElementRepository  :  retrieveBlobData error on idseq: Invalid cursor position; nested exception is java.sql.SQLException: Invalid cursor position
-
org.springframework.jdbc.InvalidResultSetAccessException: Invalid cursor position; nested exception is java.sql.SQLException: Invalid cursor position
	at org.springframework.jdbc.support.rowset.ResultSetWrappingSqlRowSet.getObject(ResultSetWrappingSqlRowSet.java:378)
	at gov.nih.nci.cadsr.cscsidump.DataElementRepository.retrieveWriteClob(DataElementRepository.java:71)
	at gov.nih.nci.cadsr.cscsidump.DataElementRepository$$FastClassBySpringCGLIB$$437d3827.invoke(<generated>)
	at org.springframework.cglib.proxy.MethodProxy.invoke(MethodProxy.java:218)
	at org.springframework.aop.framework.CglibAopProxy$CglibMethodInvocation.invokeJoinpoint(CglibAopProxy.java:769)
	at org.springframework.aop.framework.ReflectiveMethodInvocation.proceed(ReflectiveMethodInvocation.java:163)
	at org.springframework.aop.framework.CglibAopProxy$CglibMethodInvocation.proceed(CglibAopProxy.java:747)
	at org.springframework.dao.support.PersistenceExceptionTranslationInterceptor.invoke(PersistenceExceptionTranslationInterceptor.java:139)
	at org.springframework.aop.framework.ReflectiveMethodInvocation.proceed(ReflectiveMethodInvocation.java:186)
	at org.springframework.aop.framework.CglibAopProxy$CglibMethodInvocation.proceed(CglibAopProxy.java:747)
	at org.springframework.aop.framework.CglibAopProxy$DynamicAdvisedInterceptor.intercept(CglibAopProxy.java:689)
	at gov.nih.nci.cadsr.cscsidump.DataElementRepository$$EnhancerBySpringCGLIB$$e48acfc7.retrieveWriteClob(<generated>)
	at gov.nih.nci.cadsr.cscsidump.CsCsiXmlRunner.run(CsCsiXmlRunner.java:76)
	at org.springframework.boot.SpringApplication.callRunner(SpringApplication.java:784)
	at org.springframework.boot.SpringApplication.callRunners(SpringApplication.java:768)
	at org.springframework.boot.SpringApplication.run(SpringApplication.java:322)
	at org.springframework.boot.SpringApplication.run(SpringApplication.java:1226)
	at org.springframework.boot.SpringApplication.run(SpringApplication.java:1215)
	at gov.nih.nci.cadsr.cscsidump.CsCsiXmlMicroservice2.main(CsCsiXmlMicroservice2.java:47)
	at sun.reflect.NativeMethodAccessorImpl.invoke0(Native Method)
	at sun.reflect.NativeMethodAccessorImpl.invoke(NativeMethodAccessorImpl.java:62)
	at sun.reflect.DelegatingMethodAccessorImpl.invoke(DelegatingMethodAccessorImpl.java:43)
	at java.lang.reflect.Method.invoke(Method.java:498)
	at org.springframework.boot.devtools.restart.RestartLauncher.run(RestartLauncher.java:49)
Caused by: java.sql.SQLException: Invalid cursor position
	at com.sun.rowset.CachedRowSetImpl.checkCursor(CachedRowSetImpl.java:1610)
	at com.sun.rowset.CachedRowSetImpl.getObject(CachedRowSetImpl.java:2944)
	at org.springframework.jdbc.support.rowset.ResultSetWrappingSqlRowSet.getObject(ResultSetWrappingSqlRowSet.java:375)
	... 23 common frames omitted

--2019-10-25 16:05:40.450 - INFO 18203 --- [restartedMain] g.n.nci.cadsr.cscsidump.CsCsiXmlRunner   :  CsCsiXmlRunner done creating xml file: xmldir/xml_cde_201910254532.xml
---2019-10-25 16:05:40.454 - INFO 18203 --- [restartedMain] ConditionEvaluationReportLoggingListener :  

Error starting ApplicationContext. To display the conditions report re-run your application with 'debug' enabled.
---2019-10-25 16:05:40.457 -ERROR 18203 --- [restartedMain] o.s.boot.SpringApplication               :  Application run failed
-
java.lang.IllegalStateException: Failed to execute CommandLineRunner
	at org.springframework.boot.SpringApplication.callRunner(SpringApplication.java:787)
	at org.springframework.boot.SpringApplication.callRunners(SpringApplication.java:768)
	at org.springframework.boot.SpringApplication.run(SpringApplication.java:322)
	at org.springframework.boot.SpringApplication.run(SpringApplication.java:1226)
	at org.springframework.boot.SpringApplication.run(SpringApplication.java:1215)
	at gov.nih.nci.cadsr.cscsidump.CsCsiXmlMicroservice2.main(CsCsiXmlMicroservice2.java:47)
	at sun.reflect.NativeMethodAccessorImpl.invoke0(Native Method)
	at sun.reflect.NativeMethodAccessorImpl.invoke(NativeMethodAccessorImpl.java:62)
	at sun.reflect.DelegatingMethodAccessorImpl.invoke(DelegatingMethodAccessorImpl.java:43)
	at java.lang.reflect.Method.invoke(Method.java:498)
	at org.springframework.boot.devtools.restart.RestartLauncher.run(RestartLauncher.java:49)
Caused by: java.io.FileNotFoundException: xmldir/xml_cde_201910254532.xml (No such file or directory)
	at java.io.FileInputStream.open0(Native Method)
	at java.io.FileInputStream.open(FileInputStream.java:195)
	at java.io.FileInputStream.<init>(FileInputStream.java:138)
	at java.io.FileInputStream.<init>(FileInputStream.java:93)
	at gov.nih.nci.cadsr.cscsidump.CsCsiXmlRunner.createZipFile(CsCsiXmlRunner.java:45)
	at gov.nih.nci.cadsr.cscsidump.CsCsiXmlRunner.run(CsCsiXmlRunner.java:82)
	at org.springframework.boot.SpringApplication.callRunner(SpringApplication.java:784)
	... 10 common frames omitted

--2019-10-25 16:06:08.788 - INFO 18278 --- [restartedMain] g.n.n.c.cscsidump.CsCsiXmlMicroservice2  :  Starting CsCsiXmlMicroservice2 on NCI-01966487-ML with PID 18278 (/Users/asafievan/projects/cadsr-tools/cscsi-xml-dwnld/target/classes started by asafievan in /Users/asafievan/projects/cadsr-tools/cscsi-xml-dwnld)
---2019-10-25 16:06:08.789 -DEBUG 18278 --- [restartedMain] g.n.n.c.cscsidump.CsCsiXmlMicroservice2  :  Running with Spring Boot v2.2.0.RELEASE, Spring v5.2.0.RELEASE
---2019-10-25 16:06:08.790 - INFO 18278 --- [restartedMain] g.n.n.c.cscsidump.CsCsiXmlMicroservice2  :  No active profile set, falling back to default profiles: default
---2019-10-25 16:06:08.841 - INFO 18278 --- [restartedMain] .e.DevToolsPropertyDefaultsPostProcessor :  Devtools property defaults active! Set 'spring.devtools.add-properties' to 'false' to disable
---2019-10-25 16:06:08.841 - INFO 18278 --- [restartedMain] .e.DevToolsPropertyDefaultsPostProcessor :  For additional web related logging consider setting the 'logging.level.web' property to 'DEBUG'
---2019-10-25 16:06:14.933 -DEBUG 18278 --- [restartedMain] gov.nih.nci.cadsr.cscsidump.DBConfig     :  jdbcTemplate loading, dataSource defined? true
---2019-10-25 16:06:15.088 - INFO 18278 --- [restartedMain] o.s.b.d.a.OptionalLiveReloadServer       :  LiveReload server is running on port 35729
---2019-10-25 16:06:15.115 - INFO 18278 --- [restartedMain] g.n.n.c.cscsidump.CsCsiXmlMicroservice2  :  Started CsCsiXmlMicroservice2 in 6.884 seconds (JVM running for 7.645)
---2019-10-25 16:06:15.130 -DEBUG 18278 --- [restartedMain] g.n.n.c.cscsidump.DataElementRepository  :  retrieveWriteClob: retrieveQueryStr: select TEXT from SBREXT.MDSR_GENERATED_XML where SEQ_ID = (select max(SEQ_ID)from SBREXT.MDSR_GENERATED_XML)
---2019-10-25 16:08:44.956 - INFO 18278 --- [RMI TCP Connection(2)-127.0.0.1] inMXBeanRegistrar$SpringApplicationAdmin :  Application shutdown requested.
---2019-10-25 16:19:05.537 - INFO 20598 --- [restartedMain] g.n.n.c.cscsidump.CsCsiXmlMicroservice2  :  Starting CsCsiXmlMicroservice2 on NCI-01966487-ML with PID 20598 (/Users/asafievan/projects/cadsr-tools/cscsi-xml-dwnld/target/classes started by asafievan in /Users/asafievan/projects/cadsr-tools/cscsi-xml-dwnld)
---2019-10-25 16:19:05.538 -DEBUG 20598 --- [restartedMain] g.n.n.c.cscsidump.CsCsiXmlMicroservice2  :  Running with Spring Boot v2.2.0.RELEASE, Spring v5.2.0.RELEASE
---2019-10-25 16:19:05.539 - INFO 20598 --- [restartedMain] g.n.n.c.cscsidump.CsCsiXmlMicroservice2  :  No active profile set, falling back to default profiles: default
---2019-10-25 16:19:05.577 - INFO 20598 --- [restartedMain] .e.DevToolsPropertyDefaultsPostProcessor :  Devtools property defaults active! Set 'spring.devtools.add-properties' to 'false' to disable
---2019-10-25 16:19:05.578 - INFO 20598 --- [restartedMain] .e.DevToolsPropertyDefaultsPostProcessor :  For additional web related logging consider setting the 'logging.level.web' property to 'DEBUG'
---2019-10-25 16:19:06.121 -DEBUG 20598 --- [restartedMain] gov.nih.nci.cadsr.cscsidump.DBConfig     :  jdbcTemplate loading, dataSource defined? true
---2019-10-25 16:19:06.255 - INFO 20598 --- [restartedMain] o.s.b.d.a.OptionalLiveReloadServer       :  LiveReload server is running on port 35729
---2019-10-25 16:19:06.275 - INFO 20598 --- [restartedMain] g.n.n.c.cscsidump.CsCsiXmlMicroservice2  :  Started CsCsiXmlMicroservice2 in 1.121 seconds (JVM running for 1.601)
---2019-10-25 16:19:06.284 -DEBUG 20598 --- [restartedMain] g.n.n.c.cscsidump.DataElementRepository  :  retrieveWriteClob: retrieveQueryStr: select TEXT from SBREXT.MDSR_GENERATED_XML where SEQ_ID = (select max(SEQ_ID)from SBREXT.MDSR_GENERATED_XML)
---2019-10-25 16:19:08.062 -DEBUG 20598 --- [restartedMain] g.n.n.c.cscsidump.DataElementRepository  :  read characters: 32768
---2019-10-25 16:19:08.063 -DEBUG 20598 --- [restartedMain] g.n.n.c.cscsidump.DataElementRepository  :  read characters: 32768
---2019-10-25 16:19:08.064 -DEBUG 20598 --- [restartedMain] g.n.n.c.cscsidump.DataElementRepository  :  read characters: 32768
---2019-10-25 16:19:08.064 -DEBUG 20598 --- [restartedMain] g.n.n.c.cscsidump.DataElementRepository  :  read characters: 32768
---2019-10-25 16:19:08.065 -DEBUG 20598 --- [restartedMain] g.n.n.c.cscsidump.DataElementRepository  :  read characters: 32768
---2019-10-25 16:19:08.066 -DEBUG 20598 --- [restartedMain] g.n.n.c.cscsidump.DataElementRepository  :  read characters: 32768
---2019-10-25 16:19:08.066 -DEBUG 20598 --- [restartedMain] g.n.n.c.cscsidump.DataElementRepository  :  read characters: 32768
---2019-10-25 16:19:08.066 -DEBUG 20598 --- [restartedMain] g.n.n.c.cscsidump.DataElementRepository  :  read characters: 32768
---2019-10-25 16:19:08.067 -DEBUG 20598 --- [restartedMain] g.n.n.c.cscsidump.DataElementRepository  :  read characters: 32768
---2019-10-25 16:19:08.067 -DEBUG 20598 --- [restartedMain] g.n.n.c.cscsidump.DataElementRepository  :  read characters: 32768
---2019-10-25 16:19:08.067 -DEBUG 20598 --- [restartedMain] g.n.n.c.cscsidump.DataElementRepository  :  read characters: 32768
---2019-10-25 16:19:08.068 -DEBUG 20598 --- [restartedMain] g.n.n.c.cscsidump.DataElementRepository  :  read characters: 32768
---2019-10-25 16:19:08.068 -DEBUG 20598 --- [restartedMain] g.n.n.c.cscsidump.DataElementRepository  :  read characters: 32768
---2019-10-25 16:19:08.068 -DEBUG 20598 --- [restartedMain] g.n.n.c.cscsidump.DataElementRepository  :  read characters: 32768
---2019-10-25 16:19:08.068 -DEBUG 20598 --- [restartedMain] g.n.n.c.cscsidump.DataElementRepository  :  read characters: 32768
---2019-10-25 16:19:08.069 -DEBUG 20598 --- [restartedMain] g.n.n.c.cscsidump.DataElementRepository  :  read characters: 32768
---2019-10-25 16:19:08.069 -DEBUG 20598 --- [restartedMain] g.n.n.c.cscsidump.DataElementRepository  :  read characters: 32768
---2019-10-25 16:19:08.069 -DEBUG 20598 --- [restartedMain] g.n.n.c.cscsidump.DataElementRepository  :  read characters: 32768
---2019-10-25 16:19:08.069 -DEBUG 20598 --- [restartedMain] g.n.n.c.cscsidump.DataElementRepository  :  read characters: 32768
---2019-10-25 16:19:08.070 -DEBUG 20598 --- [restartedMain] g.n.n.c.cscsidump.DataElementRepository  :  read characters: 32768
---2019-10-25 16:19:08.070 -DEBUG 20598 --- [restartedMain] g.n.n.c.cscsidump.DataElementRepository  :  read characters: 32768
---2019-10-25 16:19:08.070 -DEBUG 20598 --- [restartedMain] g.n.n.c.cscsidump.DataElementRepository  :  read characters: 32768
---2019-10-25 16:19:08.070 -DEBUG 20598 --- [restartedMain] g.n.n.c.cscsidump.DataElementRepository  :  read characters: 32768
---2019-10-25 16:19:08.071 -DEBUG 20598 --- [restartedMain] g.n.n.c.cscsidump.DataElementRepository  :  read characters: 32768
---2019-10-25 16:19:08.071 -DEBUG 20598 --- [restartedMain] g.n.n.c.cscsidump.DataElementRepository  :  read characters: 32768
---2019-10-25 16:19:08.071 -DEBUG 20598 --- [restartedMain] g.n.n.c.cscsidump.DataElementRepository  :  read characters: 32768
---2019-10-25 16:19:08.072 -DEBUG 20598 --- [restartedMain] g.n.n.c.cscsidump.DataElementRepository  :  read characters: 32768
---2019-10-25 16:19:08.072 -DEBUG 20598 --- [restartedMain] g.n.n.c.cscsidump.DataElementRepository  :  read characters: 32768
---2019-10-25 16:19:08.072 -DEBUG 20598 --- [restartedMain] g.n.n.c.cscsidump.DataElementRepository  :  read characters: 32768
---2019-10-25 16:19:08.072 -DEBUG 20598 --- [restartedMain] g.n.n.c.cscsidump.DataElementRepository  :  read characters: 32768
---2019-10-25 16:19:08.073 -DEBUG 20598 --- [restartedMain] g.n.n.c.cscsidump.DataElementRepository  :  read characters: 32768
---2019-10-25 16:19:08.073 -DEBUG 20598 --- [restartedMain] g.n.n.c.cscsidump.DataElementRepository  :  read characters: 32768
---2019-10-25 16:19:08.073 -DEBUG 20598 --- [restartedMain] g.n.n.c.cscsidump.DataElementRepository  :  read characters: 32768
---2019-10-25 16:19:08.073 -DEBUG 20598 --- [restartedMain] g.n.n.c.cscsidump.DataElementRepository  :  read characters: 32768
---2019-10-25 16:19:08.074 -DEBUG 20598 --- [restartedMain] g.n.n.c.cscsidump.DataElementRepository  :  read characters: 32768
---2019-10-25 16:19:08.074 -DEBUG 20598 --- [restartedMain] g.n.n.c.cscsidump.DataElementRepository  :  read characters: 32768
---2019-10-25 16:19:08.074 -DEBUG 20598 --- [restartedMain] g.n.n.c.cscsidump.DataElementRepository  :  read characters: 32768
---2019-10-25 16:19:08.075 -DEBUG 20598 --- [restartedMain] g.n.n.c.cscsidump.DataElementRepository  :  read characters: 32768
---2019-10-25 16:19:08.075 -DEBUG 20598 --- [restartedMain] g.n.n.c.cscsidump.DataElementRepository  :  read characters: 32768
---2019-10-25 16:19:08.075 -DEBUG 20598 --- [restartedMain] g.n.n.c.cscsidump.DataElementRepository  :  read characters: 32768
---2019-10-25 16:19:08.075 -DEBUG 20598 --- [restartedMain] g.n.n.c.cscsidump.DataElementRepository  :  read characters: 32768
---2019-10-25 16:19:08.076 -DEBUG 20598 --- [restartedMain] g.n.n.c.cscsidump.DataElementRepository  :  read characters: 32768
---2019-10-25 16:19:08.076 -DEBUG 20598 --- [restartedMain] g.n.n.c.cscsidump.DataElementRepository  :  read characters: 32768
---2019-10-25 16:19:08.076 -DEBUG 20598 --- [restartedMain] g.n.n.c.cscsidump.DataElementRepository  :  read characters: 32768
---2019-10-25 16:19:08.077 -DEBUG 20598 --- [restartedMain] g.n.n.c.cscsidump.DataElementRepository  :  read characters: 32768
---2019-10-25 16:19:08.077 -DEBUG 20598 --- [restartedMain] g.n.n.c.cscsidump.DataElementRepository  :  read characters: 32768
---2019-10-25 16:19:08.077 -DEBUG 20598 --- [restartedMain] g.n.n.c.cscsidump.DataElementRepository  :  read characters: 32768
---2019-10-25 16:19:08.078 -DEBUG 20598 --- [restartedMain] g.n.n.c.cscsidump.DataElementRepository  :  read characters: 7984
---2019-10-25 16:19:08.079 - INFO 20598 --- [restartedMain] g.n.nci.cadsr.cscsidump.CsCsiXmlRunner   :  CsCsiXmlRunner done creating xml file: xmldir/xml_cde_201910254196.xml
---2019-10-25 16:19:08.098 - INFO 20598 --- [restartedMain] g.n.nci.cadsr.cscsidump.CsCsiXmlRunner   :  CsCsiXmlRunner done creating zip file: xmldir/xml_cde_201910254196.zip
---2019-10-25 16:19:08.099 - INFO 20598 --- [restartedMain] g.n.nci.cadsr.cscsidump.CsCsiXmlRunner   :  Exiting CsCsiXmlRunner with code: 0
---2019-10-25 16:35:00.138 - INFO 22360 --- [restartedMain] g.n.n.c.cscsidump.CsCsiXmlMicroservice2  :  Starting CsCsiXmlMicroservice2 on NCI-01966487-ML with PID 22360 (/Users/asafievan/projects/cadsr-tools/cscsi-xml-dwnld/target/classes started by asafievan in /Users/asafievan/projects/cadsr-tools/cscsi-xml-dwnld)
---2019-10-25 16:35:00.139 -DEBUG 22360 --- [restartedMain] g.n.n.c.cscsidump.CsCsiXmlMicroservice2  :  Running with Spring Boot v2.2.0.RELEASE, Spring v5.2.0.RELEASE
---2019-10-25 16:35:00.139 - INFO 22360 --- [restartedMain] g.n.n.c.cscsidump.CsCsiXmlMicroservice2  :  No active profile set, falling back to default profiles: default
---2019-10-25 16:35:00.176 - INFO 22360 --- [restartedMain] .e.DevToolsPropertyDefaultsPostProcessor :  Devtools property defaults active! Set 'spring.devtools.add-properties' to 'false' to disable
---2019-10-25 16:35:00.177 - INFO 22360 --- [restartedMain] .e.DevToolsPropertyDefaultsPostProcessor :  For additional web related logging consider setting the 'logging.level.web' property to 'DEBUG'
---2019-10-25 16:35:00.738 -DEBUG 22360 --- [restartedMain] gov.nih.nci.cadsr.cscsidump.DBConfig     :  jdbcTemplate loading, dataSource defined? true
---2019-10-25 16:35:00.871 - INFO 22360 --- [restartedMain] o.s.b.d.a.OptionalLiveReloadServer       :  LiveReload server is running on port 35729
---2019-10-25 16:35:00.889 - INFO 22360 --- [restartedMain] g.n.n.c.cscsidump.CsCsiXmlMicroservice2  :  Started CsCsiXmlMicroservice2 in 1.146 seconds (JVM running for 1.612)
---2019-10-25 16:35:00.899 -DEBUG 22360 --- [restartedMain] g.n.n.c.cscsidump.DataElementRepository  :  retrieveWriteClob: retrieveQueryStr: select TEXT from SBREXT.MDSR_GENERATED_XML where SEQ_ID = (select max(SEQ_ID)from SBREXT.MDSR_GENERATED_XML)
---2019-10-25 16:35:02.771 -DEBUG 22360 --- [restartedMain] g.n.n.c.cscsidump.DataElementRepository  :  read characters: 102400
---2019-10-25 16:35:02.773 -DEBUG 22360 --- [restartedMain] g.n.n.c.cscsidump.DataElementRepository  :  read characters: 102400
---2019-10-25 16:35:02.775 -DEBUG 22360 --- [restartedMain] g.n.n.c.cscsidump.DataElementRepository  :  read characters: 102400
---2019-10-25 16:35:02.776 -DEBUG 22360 --- [restartedMain] g.n.n.c.cscsidump.DataElementRepository  :  read characters: 102400
---2019-10-25 16:35:02.776 -DEBUG 22360 --- [restartedMain] g.n.n.c.cscsidump.DataElementRepository  :  read characters: 102400
---2019-10-25 16:35:02.777 -DEBUG 22360 --- [restartedMain] g.n.n.c.cscsidump.DataElementRepository  :  read characters: 102400
---2019-10-25 16:35:02.777 -DEBUG 22360 --- [restartedMain] g.n.n.c.cscsidump.DataElementRepository  :  read characters: 102400
---2019-10-25 16:35:02.778 -DEBUG 22360 --- [restartedMain] g.n.n.c.cscsidump.DataElementRepository  :  read characters: 102400
---2019-10-25 16:35:02.779 -DEBUG 22360 --- [restartedMain] g.n.n.c.cscsidump.DataElementRepository  :  read characters: 102400
---2019-10-25 16:35:02.779 -DEBUG 22360 --- [restartedMain] g.n.n.c.cscsidump.DataElementRepository  :  read characters: 102400
---2019-10-25 16:35:02.780 -DEBUG 22360 --- [restartedMain] g.n.n.c.cscsidump.DataElementRepository  :  read characters: 102400
---2019-10-25 16:35:02.781 -DEBUG 22360 --- [restartedMain] g.n.n.c.cscsidump.DataElementRepository  :  read characters: 102400
---2019-10-25 16:35:02.781 -DEBUG 22360 --- [restartedMain] g.n.n.c.cscsidump.DataElementRepository  :  read characters: 102400
---2019-10-25 16:35:02.782 -DEBUG 22360 --- [restartedMain] g.n.n.c.cscsidump.DataElementRepository  :  read characters: 102400
---2019-10-25 16:35:02.783 -DEBUG 22360 --- [restartedMain] g.n.n.c.cscsidump.DataElementRepository  :  read characters: 102400
---2019-10-25 16:35:02.783 -DEBUG 22360 --- [restartedMain] g.n.n.c.cscsidump.DataElementRepository  :  read characters: 12080
---2019-10-25 16:35:02.784 - INFO 22360 --- [restartedMain] g.n.nci.cadsr.cscsidump.CsCsiXmlRunner   :  CsCsiXmlRunner done creating xml file: xmldir/xml_cde_201910254350.xml
---2019-10-25 16:35:02.802 - INFO 22360 --- [restartedMain] g.n.nci.cadsr.cscsidump.CsCsiXmlRunner   :  CsCsiXmlRunner done creating zip file: xmldir/xml_cde_201910254350.zip
---2019-10-25 16:35:02.803 - INFO 22360 --- [restartedMain] g.n.nci.cadsr.cscsidump.CsCsiXmlRunner   :  Exiting CsCsiXmlRunner with code: 0
---2019-10-25 16:36:23.053 - INFO 22507 --- [restartedMain] g.n.n.c.cscsidump.CsCsiXmlMicroservice2  :  Starting CsCsiXmlMicroservice2 on NCI-01966487-ML with PID 22507 (/Users/asafievan/projects/cadsr-tools/cscsi-xml-dwnld/target/classes started by asafievan in /Users/asafievan/projects/cadsr-tools/cscsi-xml-dwnld)
---2019-10-25 16:36:23.054 -DEBUG 22507 --- [restartedMain] g.n.n.c.cscsidump.CsCsiXmlMicroservice2  :  Running with Spring Boot v2.2.0.RELEASE, Spring v5.2.0.RELEASE
---2019-10-25 16:36:23.054 - INFO 22507 --- [restartedMain] g.n.n.c.cscsidump.CsCsiXmlMicroservice2  :  No active profile set, falling back to default profiles: default
---2019-10-25 16:36:23.092 - INFO 22507 --- [restartedMain] .e.DevToolsPropertyDefaultsPostProcessor :  Devtools property defaults active! Set 'spring.devtools.add-properties' to 'false' to disable
---2019-10-25 16:36:23.092 - INFO 22507 --- [restartedMain] .e.DevToolsPropertyDefaultsPostProcessor :  For additional web related logging consider setting the 'logging.level.web' property to 'DEBUG'
---2019-10-25 16:36:23.643 -DEBUG 22507 --- [restartedMain] gov.nih.nci.cadsr.cscsidump.DBConfig     :  jdbcTemplate loading, dataSource defined? true
---2019-10-25 16:36:23.780 - INFO 22507 --- [restartedMain] o.s.b.d.a.OptionalLiveReloadServer       :  LiveReload server is running on port 35729
---2019-10-25 16:36:23.799 - INFO 22507 --- [restartedMain] g.n.n.c.cscsidump.CsCsiXmlMicroservice2  :  Started CsCsiXmlMicroservice2 in 1.131 seconds (JVM running for 1.607)
---2019-10-25 16:36:23.808 -DEBUG 22507 --- [restartedMain] g.n.n.c.cscsidump.DataElementRepository  :  retrieveWriteClob: retrieveQueryStr: select TEXT from SBREXT.MDSR_GENERATED_XML where SEQ_ID = (select max(SEQ_ID)from SBREXT.MDSR_GENERATED_XML)
---2019-10-25 16:36:25.654 -DEBUG 22507 --- [restartedMain] g.n.n.c.cscsidump.DataElementRepository  :  read characters: 1048576
---2019-10-25 16:36:25.664 -DEBUG 22507 --- [restartedMain] g.n.n.c.cscsidump.DataElementRepository  :  read characters: 499504
---2019-10-25 16:36:25.668 - INFO 22507 --- [restartedMain] g.n.nci.cadsr.cscsidump.CsCsiXmlRunner   :  CsCsiXmlRunner done creating xml file: xmldir/xml_cde_2019102543623.xml
---2019-10-25 16:36:25.688 - INFO 22507 --- [restartedMain] g.n.nci.cadsr.cscsidump.CsCsiXmlRunner   :  CsCsiXmlRunner done creating zip file: xmldir/xml_cde_2019102543623.zip
---2019-10-25 16:36:25.689 - INFO 22507 --- [restartedMain] g.n.nci.cadsr.cscsidump.CsCsiXmlRunner   :  Exiting CsCsiXmlRunner with code: 0
---2019-10-25 16:37:37.711 - INFO 22632 --- [restartedMain] g.n.n.c.cscsidump.CsCsiXmlMicroservice2  :  Starting CsCsiXmlMicroservice2 on NCI-01966487-ML with PID 22632 (/Users/asafievan/projects/cadsr-tools/cscsi-xml-dwnld/target/classes started by asafievan in /Users/asafievan/projects/cadsr-tools/cscsi-xml-dwnld)
---2019-10-25 16:37:37.712 -DEBUG 22632 --- [restartedMain] g.n.n.c.cscsidump.CsCsiXmlMicroservice2  :  Running with Spring Boot v2.2.0.RELEASE, Spring v5.2.0.RELEASE
---2019-10-25 16:37:37.712 - INFO 22632 --- [restartedMain] g.n.n.c.cscsidump.CsCsiXmlMicroservice2  :  No active profile set, falling back to default profiles: default
---2019-10-25 16:37:37.753 - INFO 22632 --- [restartedMain] .e.DevToolsPropertyDefaultsPostProcessor :  Devtools property defaults active! Set 'spring.devtools.add-properties' to 'false' to disable
---2019-10-25 16:37:37.754 - INFO 22632 --- [restartedMain] .e.DevToolsPropertyDefaultsPostProcessor :  For additional web related logging consider setting the 'logging.level.web' property to 'DEBUG'
---2019-10-25 16:37:38.327 -DEBUG 22632 --- [restartedMain] gov.nih.nci.cadsr.cscsidump.DBConfig     :  jdbcTemplate loading, dataSource defined? true
---2019-10-25 16:37:38.456 - INFO 22632 --- [restartedMain] o.s.b.d.a.OptionalLiveReloadServer       :  LiveReload server is running on port 35729
---2019-10-25 16:37:38.474 - INFO 22632 --- [restartedMain] g.n.n.c.cscsidump.CsCsiXmlMicroservice2  :  Started CsCsiXmlMicroservice2 in 1.15 seconds (JVM running for 1.598)
---2019-10-25 16:37:38.484 -DEBUG 22632 --- [restartedMain] g.n.n.c.cscsidump.DataElementRepository  :  retrieveWriteClob: retrieveQueryStr: select TEXT from SBREXT.MDSR_GENERATED_XML where SEQ_ID = (select max(SEQ_ID)from SBREXT.MDSR_GENERATED_XML)
---2019-10-25 16:37:40.327 -DEBUG 22632 --- [restartedMain] g.n.n.c.cscsidump.DataElementRepository  :  read characters: 1048576
---2019-10-25 16:37:40.336 -DEBUG 22632 --- [restartedMain] g.n.n.c.cscsidump.DataElementRepository  :  read characters: 499504
---2019-10-25 16:37:40.339 - INFO 22632 --- [restartedMain] g.n.nci.cadsr.cscsidump.CsCsiXmlRunner   :  CsCsiXmlRunner done creating xml file: xmldir/xml_cde_2019102543738.xml
---2019-10-25 16:37:40.357 - INFO 22632 --- [restartedMain] g.n.nci.cadsr.cscsidump.CsCsiXmlRunner   :  CsCsiXmlRunner done creating zip file: xmldir/xml_cde_2019102543738.zip
---2019-10-25 16:37:40.357 - INFO 22632 --- [restartedMain] g.n.nci.cadsr.cscsidump.CsCsiXmlRunner   :  Exiting CsCsiXmlRunner with code: 0
---2019-10-25 16:44:21.751 - INFO 23466 --- [restartedMain] g.n.n.c.cscsidump.CsCsiXmlMicroservice2  :  Starting CsCsiXmlMicroservice2 on NCI-01966487-ML with PID 23466 (/Users/asafievan/projects/cadsr-tools/cscsi-xml-dwnld/target/classes started by asafievan in /Users/asafievan/projects/cadsr-tools/cscsi-xml-dwnld)
---2019-10-25 16:44:21.752 -DEBUG 23466 --- [restartedMain] g.n.n.c.cscsidump.CsCsiXmlMicroservice2  :  Running with Spring Boot v2.2.0.RELEASE, Spring v5.2.0.RELEASE
---2019-10-25 16:44:21.752 - INFO 23466 --- [restartedMain] g.n.n.c.cscsidump.CsCsiXmlMicroservice2  :  No active profile set, falling back to default profiles: default
---2019-10-25 16:44:21.789 - INFO 23466 --- [restartedMain] .e.DevToolsPropertyDefaultsPostProcessor :  Devtools property defaults active! Set 'spring.devtools.add-properties' to 'false' to disable
---2019-10-25 16:44:21.789 - INFO 23466 --- [restartedMain] .e.DevToolsPropertyDefaultsPostProcessor :  For additional web related logging consider setting the 'logging.level.web' property to 'DEBUG'
---2019-10-25 16:44:22.336 -DEBUG 23466 --- [restartedMain] gov.nih.nci.cadsr.cscsidump.DBConfig     :  jdbcTemplate loading, dataSource defined? true
---2019-10-25 16:44:22.466 - INFO 23466 --- [restartedMain] o.s.b.d.a.OptionalLiveReloadServer       :  LiveReload server is running on port 35729
---2019-10-25 16:44:22.485 - INFO 23466 --- [restartedMain] g.n.n.c.cscsidump.CsCsiXmlMicroservice2  :  Started CsCsiXmlMicroservice2 in 1.15 seconds (JVM running for 1.632)
---2019-10-25 16:44:22.496 -DEBUG 23466 --- [restartedMain] g.n.n.c.cscsidump.DataElementRepository  :  retrieveWriteClob: retrieveQueryStr: select TEXT from SBREXT.MDSR_GENERATED_XML where SEQ_ID = (select max(SEQ_ID)from SBREXT.MDSR_GENERATED_XML)
---2019-10-25 16:44:24.356 - INFO 23466 --- [restartedMain] g.n.nci.cadsr.cscsidump.CsCsiXmlRunner   :  CsCsiXmlRunner done creating xml file: xmldir/xml_cde_2019102544422.xml
---2019-10-25 16:44:24.375 - INFO 23466 --- [restartedMain] g.n.nci.cadsr.cscsidump.CsCsiXmlRunner   :  CsCsiXmlRunner done creating zip file: xmldir/xml_cde_2019102544422.zip
---2019-10-25 16:44:24.375 - INFO 23466 --- [restartedMain] g.n.nci.cadsr.cscsidump.CsCsiXmlRunner   :  Exiting CsCsiXmlRunner with code: 0
---2019-10-25 16:46:47.709 - INFO 23713 --- [restartedMain] g.n.n.c.cscsidump.CsCsiXmlMicroservice   :  Starting CsCsiXmlMicroservice on NCI-01966487-ML with PID 23713 (/Users/asafievan/projects/cadsr-tools/cscsi-xml-dwnld/target/classes started by asafievan in /Users/asafievan/projects/cadsr-tools/cscsi-xml-dwnld)
---2019-10-25 16:46:47.710 -DEBUG 23713 --- [restartedMain] g.n.n.c.cscsidump.CsCsiXmlMicroservice   :  Running with Spring Boot v2.2.0.RELEASE, Spring v5.2.0.RELEASE
---2019-10-25 16:46:47.711 - INFO 23713 --- [restartedMain] g.n.n.c.cscsidump.CsCsiXmlMicroservice   :  No active profile set, falling back to default profiles: default
---2019-10-25 16:46:47.749 - INFO 23713 --- [restartedMain] .e.DevToolsPropertyDefaultsPostProcessor :  Devtools property defaults active! Set 'spring.devtools.add-properties' to 'false' to disable
---2019-10-25 16:46:47.750 - INFO 23713 --- [restartedMain] .e.DevToolsPropertyDefaultsPostProcessor :  For additional web related logging consider setting the 'logging.level.web' property to 'DEBUG'
---2019-10-25 16:46:48.303 -DEBUG 23713 --- [restartedMain] gov.nih.nci.cadsr.cscsidump.DBConfig     :  jdbcTemplate loading, dataSource defined? true
---2019-10-25 16:46:48.439 - INFO 23713 --- [restartedMain] o.s.b.d.a.OptionalLiveReloadServer       :  LiveReload server is running on port 35729
---2019-10-25 16:46:48.458 - INFO 23713 --- [restartedMain] g.n.n.c.cscsidump.CsCsiXmlMicroservice   :  Started CsCsiXmlMicroservice in 1.136 seconds (JVM running for 1.597)
---2019-10-25 16:46:48.468 -DEBUG 23713 --- [restartedMain] g.n.n.c.cscsidump.DataElementRepository  :  retrieveWriteClob: retrieveQueryStr: select TEXT from SBREXT.MDSR_GENERATED_XML where SEQ_ID = (select max(SEQ_ID)from SBREXT.MDSR_GENERATED_XML)
---2019-10-25 16:46:50.311 - INFO 23713 --- [restartedMain] g.n.nci.cadsr.cscsidump.CsCsiXmlRunner   :  CsCsiXmlRunner done creating xml file: xmldir/xml_cde_2019102544648.xml
---2019-10-25 16:46:50.329 - INFO 23713 --- [restartedMain] g.n.nci.cadsr.cscsidump.CsCsiXmlRunner   :  CsCsiXmlRunner done creating zip file: xmldir/xml_cde_2019102544648.zip
---2019-10-25 16:46:50.330 - INFO 23713 --- [restartedMain] g.n.nci.cadsr.cscsidump.CsCsiXmlRunner   :  Exiting CsCsiXmlRunner with code: 0
---2019-10-25 17:25:46.128 - INFO 28506 --- [restartedMain] g.n.n.c.cscsidump.CsCsiXmlMicroservice   :  Starting CsCsiXmlMicroservice on NCI-01966487-ML with PID 28506 (/Users/asafievan/projects/cadsr-tools-cscsi/cscsi-xml-dwnld/target/classes started by asafievan in /Users/asafievan/projects/cadsr-tools-cscsi/cscsi-xml-dwnld)
---2019-10-25 17:25:46.130 -DEBUG 28506 --- [restartedMain] g.n.n.c.cscsidump.CsCsiXmlMicroservice   :  Running with Spring Boot v2.2.0.RELEASE, Spring v5.2.0.RELEASE
---2019-10-25 17:25:46.130 - INFO 28506 --- [restartedMain] g.n.n.c.cscsidump.CsCsiXmlMicroservice   :  No active profile set, falling back to default profiles: default
---2019-10-25 17:25:46.174 - INFO 28506 --- [restartedMain] .e.DevToolsPropertyDefaultsPostProcessor :  Devtools property defaults active! Set 'spring.devtools.add-properties' to 'false' to disable
---2019-10-25 17:25:46.174 - INFO 28506 --- [restartedMain] .e.DevToolsPropertyDefaultsPostProcessor :  For additional web related logging consider setting the 'logging.level.web' property to 'DEBUG'
---2019-10-25 17:25:46.773 -DEBUG 28506 --- [restartedMain] gov.nih.nci.cadsr.cscsidump.DBConfig     :  jdbcTemplate loading, dataSource defined? true
---2019-10-25 17:25:46.910 - INFO 28506 --- [restartedMain] o.s.b.d.a.OptionalLiveReloadServer       :  LiveReload server is running on port 35729
---2019-10-25 17:25:46.935 - INFO 28506 --- [restartedMain] g.n.n.c.cscsidump.CsCsiXmlMicroservice   :  Started CsCsiXmlMicroservice in 1.236 seconds (JVM running for 1.725)
---2019-10-25 17:25:46.946 -DEBUG 28506 --- [restartedMain] g.n.n.c.cscsidump.DataElementRepository  :  retrieveWriteClob: retrieveQueryStr: select TEXT from SBREXT.MDSR_GENERATED_XML where SEQ_ID = (select max(SEQ_ID)from SBREXT.MDSR_GENERATED_XML)
---2019-10-25 17:25:48.799 - INFO 28506 --- [restartedMain] g.n.nci.cadsr.cscsidump.CsCsiXmlRunner   :  CsCsiXmlRunner done creating xml file: xmldir/xml_cde_2019102552546.xml
---2019-10-25 17:25:48.820 - INFO 28506 --- [restartedMain] g.n.nci.cadsr.cscsidump.CsCsiXmlRunner   :  CsCsiXmlRunner done creating zip file: xmldir/xml_cde_2019102552546.zip
---2019-10-25 17:25:48.820 - INFO 28506 --- [restartedMain] g.n.nci.cadsr.cscsidump.CsCsiXmlRunner   :  Exiting CsCsiXmlRunner with code: 0
-